app/build/intermediates/manifest_merge_blame_file/debug/processDebugMainManifest/manifest-merger-blame-debug-report.txt
1<?xml version="1.0" encoding="utf-8"?>
2<manifest xmlns:android="http://schemas.android.com/apk/res/android"
3    package="com.trackmyjourney"
4    android:versionCode="12"
5    android:versionName="1.3.4" >
6
7    <uses-sdk
8        android:minSdkVersion="26"
9        android:targetSdkVersion="36" />
10
11    <uses-permission android:name="android.permission.ACCESS_FINE_LOCATION" />
11-->src\main\AndroidManifest.xml:4:5-79
11-->src\main\AndroidManifest.xml:4:22-76
12    <uses-permission android:name="android.permission.ACCESS_COARSE_LOCATION" />
12-->src\main\AndroidManifest.xml:5:5-81
12-->src\main\AndroidManifest.xml:5:22-78
13    <uses-permission android:name="android.permission.ACCESS_BACKGROUND_LOCATION" />
13-->src\main\AndroidManifest.xml:6:5-85
13-->src\main\AndroidManifest.xml:6:22-82
14    <uses-permission android:name="android.permission.FOREGROUND_SERVICE" />
14-->src\main\AndroidManifest.xml:7:5-77
14-->src\main\AndroidManifest.xml:7:22-74
15    <uses-permission android:name="android.permission.FOREGROUND_SERVICE_LOCATION" />
15-->src\main\AndroidManifest.xml:8:5-86
15-->src\main\AndroidManifest.xml:8:22-83
16    <uses-permission android:name="android.permission.POST_NOTIFICATIONS" />
16-->src\main\AndroidManifest.xml:9:5-77
16-->src\main\AndroidManifest.xml:9:22-74
17    <uses-permission android:name="android.permission.ACTIVITY_RECOGNITION" />
17-->src\main\AndroidManifest.xml:10:5-79
17-->src\main\AndroidManifest.xml:10:22-76
18    <uses-permission
18-->src\main\AndroidManifest.xml:11:5-95
19        android:name="android.permission.BLUETOOTH"
19-->src\main\AndroidManifest.xml:11:22-65
20        android:maxSdkVersion="30" />
20-->src\main\AndroidManifest.xml:11:66-92
21    <uses-permission
21-->src\main\AndroidManifest.xml:12:5-101
22        android:name="android.permission.BLUETOOTH_ADMIN"
22-->src\main\AndroidManifest.xml:12:22-71
23        android:maxSdkVersion="30" />
23-->src\main\AndroidManifest.xml:12:72-98
24    <uses-permission
24-->src\main\AndroidManifest.xml:13:5-120
25        android:name="android.permission.BLUETOOTH_SCAN"
25-->src\main\AndroidManifest.xml:13:22-70
26        android:usesPermissionFlags="neverForLocation" />
26-->src\main\AndroidManifest.xml:13:71-117
27    <uses-permission android:name="android.permission.BLUETOOTH_CONNECT" />
27-->src\main\AndroidManifest.xml:14:5-76
27-->src\main\AndroidManifest.xml:14:22-73
28    <uses-permission android:name="android.permission.INTERNET" />
28-->src\main\AndroidManifest.xml:15:5-67
28-->src\main\AndroidManifest.xml:15:22-64
29    <uses-permission android:name="android.permission.ACCESS_NETWORK_STATE" />
29-->src\main\AndroidManifest.xml:16:5-79
29-->src\main\AndroidManifest.xml:16:22-76
30    <uses-permission android:name="android.permission.WAKE_LOCK" />
30-->src\main\AndroidManifest.xml:17:5-68
30-->src\main\AndroidManifest.xml:17:22-65
31    <uses-permission android:name="android.permission.FOREGROUND_SERVICE_DATA_SYNC" />
31-->src\main\AndroidManifest.xml:18:5-87
31-->src\main\AndroidManifest.xml:18:22-84
32    <uses-permission android:name="android.permission.RECEIVE_BOOT_COMPLETED" />
32-->src\main\AndroidManifest.xml:19:5-81
32-->src\main\AndroidManifest.xml:19:22-78
33    <uses-permission android:name="com.android.vending.BILLING" />
33-->[com.android.billingclient:billing-ktx:8.3.0] AndroidManifest.xml:9:5-67
33-->[com.android.billingclient:billing-ktx:8.3.0] AndroidManifest.xml:9:22-64
34
35    <queries>
35-->[com.android.billingclient:billing:8.3.0] AndroidManifest.xml:12:5-19:15
36        <intent>
36-->[com.android.billingclient:billing:8.3.0] AndroidManifest.xml:13:9-15:18
37            <action android:name="com.android.vending.billing.InAppBillingService.BIND" />
37-->[com.android.billingclient:billing:8.3.0] AndroidManifest.xml:14:13-91
37-->[com.android.billingclient:billing:8.3.0] AndroidManifest.xml:14:21-88
38        </intent>
39        <intent>
39-->[com.android.billingclient:billing:8.3.0] AndroidManifest.xml:16:9-18:18
40            <action android:name="com.google.android.apps.play.billingtestcompanion.BillingOverrideService.BIND" />
40-->[com.android.billingclient:billing:8.3.0] AndroidManifest.xml:17:13-116
40-->[com.android.billingclient:billing:8.3.0] AndroidManifest.xml:17:21-113
41        </intent>
42    </queries>
43
44    <permission
44-->[androidx.core:core:1.18.0] AndroidManifest.xml:22:5-24:47
45        android:name="com.trackmyjourney.DYNAMIC_RECEIVER_NOT_EXPORTED_PERMISSION"
45-->[androidx.core:core:1.18.0] AndroidManifest.xml:23:9-81
46        android:protectionLevel="signature" />
46-->[androidx.core:core:1.18.0] AndroidManifest.xml:24:9-44
47
48    <uses-permission android:name="com.trackmyjourney.DYNAMIC_RECEIVER_NOT_EXPORTED_PERMISSION" />
48-->[androidx.core:core:1.18.0] AndroidManifest.xml:26:5-97
48-->[androidx.core:core:1.18.0] AndroidManifest.xml:26:22-94
49
50    <supports-screens
50-->[org.osmdroid:osmdroid-android:6.1.20] AndroidManifest.xml:9:5-12:40
51        android:anyDensity="true"
51-->[org.osmdroid:osmdroid-android:6.1.20] AndroidManifest.xml:10:9-34
52        android:largeScreens="true"
52-->[org.osmdroid:osmdroid-android:6.1.20] AndroidManifest.xml:11:9-36
53        android:normalScreens="true" />
53-->[org.osmdroid:osmdroid-android:6.1.20] AndroidManifest.xml:12:9-37
54
55    <uses-feature
55-->[org.osmdroid:osmdroid-android:6.1.20] AndroidManifest.xml:14:5-16:36
56        android:name="android.hardware.location.network"
56-->[org.osmdroid:osmdroid-android:6.1.20] AndroidManifest.xml:15:9-57
57        android:required="false" />
57-->[org.osmdroid:osmdroid-android:6.1.20] AndroidManifest.xml:16:9-33
58    <uses-feature
58-->[org.osmdroid:osmdroid-android:6.1.20] AndroidManifest.xml:17:5-19:36
59        android:name="android.hardware.location.gps"
59-->[org.osmdroid:osmdroid-android:6.1.20] AndroidManifest.xml:18:9-53
60        android:required="false" />
60-->[org.osmdroid:osmdroid-android:6.1.20] AndroidManifest.xml:19:9-33
61    <uses-feature
61-->[org.osmdroid:osmdroid-android:6.1.20] AndroidManifest.xml:20:5-22:36
62        android:name="android.hardware.telephony"
62-->[org.osmdroid:osmdroid-android:6.1.20] AndroidManifest.xml:21:9-50
63        android:required="false" />
63-->[org.osmdroid:osmdroid-android:6.1.20] AndroidManifest.xml:22:9-33
64    <uses-feature
64-->[org.osmdroid:osmdroid-android:6.1.20] AndroidManifest.xml:23:5-25:36
65        android:name="android.hardware.wifi"
65-->[org.osmdroid:osmdroid-android:6.1.20] AndroidManifest.xml:24:9-45
66        android:required="false" />
66-->[org.osmdroid:osmdroid-android:6.1.20] AndroidManifest.xml:25:9-33
67
68    <application
68-->src\main\AndroidManifest.xml:21:5-83:19
69        android:name="com.trackmyjourney.TrackMyJourneyApp"
69-->src\main\AndroidManifest.xml:22:9-42
70        android:allowBackup="true"
70-->src\main\AndroidManifest.xml:23:9-35
71        android:appComponentFactory="androidx.core.app.CoreComponentFactory"
71-->[androidx.core:core:1.18.0] AndroidManifest.xml:28:18-86
72        android:debuggable="true"
73        android:extractNativeLibs="false"
74        android:icon="@mipmap/ic_launcher"
74-->src\main\AndroidManifest.xml:24:9-43
75        android:label="@string/app_name"
75-->src\main\AndroidManifest.xml:26:9-41
76        android:roundIcon="@mipmap/ic_launcher_round"
76-->src\main\AndroidManifest.xml:25:9-54
77        android:supportsRtl="true"
77-->src\main\AndroidManifest.xml:27:9-35
78        android:testOnly="true"
79        android:theme="@style/Theme.Pathwise"
79-->src\main\AndroidManifest.xml:29:9-46
80        android:usesCleartextTraffic="true" >
80-->src\main\AndroidManifest.xml:28:9-44
81        <activity
81-->src\main\AndroidManifest.xml:31:9-40:20
82            android:name="com.trackmyjourney.ui.MainActivity"
82-->src\main\AndroidManifest.xml:32:13-44
83            android:exported="true"
83-->src\main\AndroidManifest.xml:33:13-36
84            android:screenOrientation="portrait"
84-->src\main\AndroidManifest.xml:34:13-49
85            android:theme="@style/Theme.Pathwise" >
85-->src\main\AndroidManifest.xml:35:13-50
86            <intent-filter>
86-->src\main\AndroidManifest.xml:36:13-39:29
87                <action android:name="android.intent.action.MAIN" />
87-->src\main\AndroidManifest.xml:37:17-69
87-->src\main\AndroidManifest.xml:37:25-66
88
89                <category android:name="android.intent.category.LAUNCHER" />
89-->src\main\AndroidManifest.xml:38:17-77
89-->src\main\AndroidManifest.xml:38:27-74
90            </intent-filter>
91        </activity>
92
93        <provider
94            android:name="androidx.core.content.FileProvider"
94-->src\main\AndroidManifest.xml:43:13-62
95            android:authorities="com.trackmyjourney.fileprovider"
95-->src\main\AndroidManifest.xml:44:13-64
96            android:exported="false"
96-->src\main\AndroidManifest.xml:45:13-37
97            android:grantUriPermissions="true" >
97-->src\main\AndroidManifest.xml:46:13-47
98            <meta-data
98-->src\main\AndroidManifest.xml:47:13-49:54
99                android:name="android.support.FILE_PROVIDER_PATHS"
99-->src\main\AndroidManifest.xml:48:17-67
100                android:resource="@xml/file_paths" />
100-->src\main\AndroidManifest.xml:49:17-51
101        </provider>
102
103        <service
103-->src\main\AndroidManifest.xml:52:9-55:40
104            android:name="com.trackmyjourney.service.TrackingService"
104-->src\main\AndroidManifest.xml:53:13-52
105            android:exported="false"
105-->src\main\AndroidManifest.xml:55:13-37
106            android:foregroundServiceType="location" />
106-->src\main\AndroidManifest.xml:54:13-53
107        <service
107-->src\main\AndroidManifest.xml:57:9-60:40
108            android:name="com.trackmyjourney.service.AutoStartMonitorService"
108-->src\main\AndroidManifest.xml:58:13-60
109            android:exported="false"
109-->src\main\AndroidManifest.xml:60:13-37
110            android:foregroundServiceType="dataSync" />
110-->src\main\AndroidManifest.xml:59:13-53
111        <service
111-->src\main\AndroidManifest.xml:62:9-65:40
112            android:name="com.trackmyjourney.service.ModelDownloadService"
112-->src\main\AndroidManifest.xml:63:13-57
113            android:exported="false"
113-->src\main\AndroidManifest.xml:65:13-37
114            android:foregroundServiceType="dataSync" />
114-->src\main\AndroidManifest.xml:64:13-53
115
116        <receiver
116-->src\main\AndroidManifest.xml:67:9-73:20
117            android:name="com.trackmyjourney.data.location.ActivityRecognitionReceiver"
117-->src\main\AndroidManifest.xml:68:13-70
118            android:exported="false" >
118-->src\main\AndroidManifest.xml:69:13-37
119            <intent-filter>
119-->src\main\AndroidManifest.xml:70:13-72:29
120                <action android:name="com.trackmyjourney.ACTION_ACTIVITY_TRANSITION" />
120-->src\main\AndroidManifest.xml:71:17-88
120-->src\main\AndroidManifest.xml:71:25-85
121            </intent-filter>
122        </receiver>
123        <receiver
123-->src\main\AndroidManifest.xml:75:9-82:20
124            android:name="com.trackmyjourney.receiver.BootReceiver"
124-->src\main\AndroidManifest.xml:76:13-50
125            android:exported="true" >
125-->src\main\AndroidManifest.xml:77:13-36
126            <intent-filter>
126-->src\main\AndroidManifest.xml:78:13-81:29
127                <action android:name="android.intent.action.BOOT_COMPLETED" />
127-->src\main\AndroidManifest.xml:79:17-79
127-->src\main\AndroidManifest.xml:79:25-76
128                <action android:name="android.intent.action.MY_PACKAGE_REPLACED" />
128-->src\main\AndroidManifest.xml:80:17-84
128-->src\main\AndroidManifest.xml:80:25-81
129            </intent-filter>
130        </receiver>
131
132        <meta-data
132-->[com.android.billingclient:billing:8.3.0] AndroidManifest.xml:22:9-24:37
133            android:name="com.google.android.play.billingclient.version"
133-->[com.android.billingclient:billing:8.3.0] AndroidManifest.xml:23:13-73
134            android:value="8.3.0" />
134-->[com.android.billingclient:billing:8.3.0] AndroidManifest.xml:24:13-34
135
136        <activity
136-->[com.android.billingclient:billing:8.3.0] AndroidManifest.xml:26:9-30:75
137            android:name="com.android.billingclient.api.ProxyBillingActivity"
137-->[com.android.billingclient:billing:8.3.0] AndroidManifest.xml:27:13-78
138            android:configChanges="keyboard|keyboardHidden|screenLayout|screenSize|orientation"
138-->[com.android.billingclient:billing:8.3.0] AndroidManifest.xml:28:13-96
139            android:exported="false"
139-->[com.android.billingclient:billing:8.3.0] AndroidManifest.xml:29:13-37
140            android:theme="@android:style/Theme.Translucent.NoTitleBar" />
140-->[com.android.billingclient:billing:8.3.0] AndroidManifest.xml:30:13-72
141        <activity
141-->[com.android.billingclient:billing:8.3.0] AndroidManifest.xml:31:9-35:75
142            android:name="com.android.billingclient.api.ProxyBillingActivityV2"
142-->[com.android.billingclient:billing:8.3.0] AndroidManifest.xml:32:13-80
143            android:configChanges="keyboard|keyboardHidden|screenLayout|screenSize|orientation"
143-->[com.android.billingclient:billing:8.3.0] AndroidManifest.xml:33:13-96
144            android:exported="false"
144-->[com.android.billingclient:billing:8.3.0] AndroidManifest.xml:34:13-37
145            android:theme="@android:style/Theme.Translucent.NoTitleBar" />
145-->[com.android.billingclient:billing:8.3.0] AndroidManifest.xml:35:13-72
146        <activity
146-->[com.google.android.gms:play-services-base:18.5.0] AndroidManifest.xml:5:9-173
147            android:name="com.google.android.gms.common.api.GoogleApiActivity"
147-->[com.google.android.gms:play-services-base:18.5.0] AndroidManifest.xml:5:19-85
148            android:exported="false"
148-->[com.google.android.gms:play-services-base:18.5.0] AndroidManifest.xml:5:146-170
149            android:theme="@android:style/Theme.Translucent.NoTitleBar" />
149-->[com.google.android.gms:play-services-base:18.5.0] AndroidManifest.xml:5:86-145
150
151        <provider
151-->[androidx.work:work-runtime:2.11.2] AndroidManifest.xml:29:9-37:20
152            android:name="androidx.startup.InitializationProvider"
152-->[androidx.work:work-runtime:2.11.2] AndroidManifest.xml:30:13-67
153            android:authorities="com.trackmyjourney.androidx-startup"
153-->[androidx.work:work-runtime:2.11.2] AndroidManifest.xml:31:13-68
154            android:exported="false" >
154-->[androidx.work:work-runtime:2.11.2] AndroidManifest.xml:32:13-37
155            <meta-data
155-->[androidx.work:work-runtime:2.11.2] AndroidManifest.xml:34:13-36:52
156                android:name="androidx.work.WorkManagerInitializer"
156-->[androidx.work:work-runtime:2.11.2] AndroidManifest.xml:35:17-68
157                android:value="androidx.startup" />
157-->[androidx.work:work-runtime:2.11.2] AndroidManifest.xml:36:17-49
158            <meta-data
158-->[androidx.emoji2:emoji2:1.4.0] AndroidManifest.xml:29:13-31:52
159                android:name="androidx.emoji2.text.EmojiCompatInitializer"
159-->[androidx.emoji2:emoji2:1.4.0] AndroidManifest.xml:30:17-75
160                android:value="androidx.startup" />
160-->[androidx.emoji2:emoji2:1.4.0] AndroidManifest.xml:31:17-49
161            <meta-data
161-->[androidx.lifecycle:lifecycle-process:2.10.0] AndroidManifest.xml:29:13-31:52
162                android:name="androidx.lifecycle.ProcessLifecycleInitializer"
162-->[androidx.lifecycle:lifecycle-process:2.10.0] AndroidManifest.xml:30:17-78
163                android:value="androidx.startup" />
163-->[androidx.lifecycle:lifecycle-process:2.10.0] AndroidManifest.xml:31:17-49
164            <meta-data
164-->[androidx.profileinstaller:profileinstaller:1.4.0] AndroidManifest.xml:29:13-31:52
165                android:name="androidx.profileinstaller.ProfileInstallerInitializer"
165-->[androidx.profileinstaller:profileinstaller:1.4.0] AndroidManifest.xml:30:17-85
166                android:value="androidx.startup" />
166-->[androidx.profileinstaller:profileinstaller:1.4.0] AndroidManifest.xml:31:17-49
167        </provider>
168
169        <service
169-->[androidx.work:work-runtime:2.11.2] AndroidManifest.xml:39:9-45:35
170            android:name="androidx.work.impl.background.systemjob.SystemJobService"
170-->[androidx.work:work-runtime:2.11.2] AndroidManifest.xml:40:13-84
171            android:directBootAware="false"
171-->[androidx.work:work-runtime:2.11.2] AndroidManifest.xml:41:13-44
172            android:enabled="@bool/enable_system_job_service_default"
172-->[androidx.work:work-runtime:2.11.2] AndroidManifest.xml:42:13-70
173            android:exported="true"
173-->[androidx.work:work-runtime:2.11.2] AndroidManifest.xml:43:13-36
174            android:permission="android.permission.BIND_JOB_SERVICE" />
174-->[androidx.work:work-runtime:2.11.2] AndroidManifest.xml:44:13-69
175        <service
175-->[androidx.work:work-runtime:2.11.2] AndroidManifest.xml:46:9-52:35
176            android:name="androidx.work.impl.foreground.SystemForegroundService"
176-->[androidx.work:work-runtime:2.11.2] AndroidManifest.xml:47:13-81
177            android:directBootAware="false"
177-->[androidx.work:work-runtime:2.11.2] AndroidManifest.xml:48:13-44
178            android:enabled="@bool/enable_system_foreground_service_default"
178-->[androidx.work:work-runtime:2.11.2] AndroidManifest.xml:49:13-77
179            android:exported="false" />
179-->[androidx.work:work-runtime:2.11.2] AndroidManifest.xml:50:13-37
180
181        <receiver
181-->[androidx.work:work-runtime:2.11.2] AndroidManifest.xml:54:9-59:35
182            android:name="androidx.work.impl.utils.ForceStopRunnable$BroadcastReceiver"
182-->[androidx.work:work-runtime:2.11.2] AndroidManifest.xml:55:13-88
183            android:directBootAware="false"
183-->[androidx.work:work-runtime:2.11.2] AndroidManifest.xml:56:13-44
184            android:enabled="true"
184-->[androidx.work:work-runtime:2.11.2] AndroidManifest.xml:57:13-35
185            android:exported="false" />
185-->[androidx.work:work-runtime:2.11.2] AndroidManifest.xml:58:13-37
186        <receiver
186-->[androidx.work:work-runtime:2.11.2] AndroidManifest.xml:60:9-69:20
187            android:name="androidx.work.impl.background.systemalarm.RescheduleReceiver"
187-->[androidx.work:work-runtime:2.11.2] AndroidManifest.xml:61:13-88
188            android:directBootAware="false"
188-->[androidx.work:work-runtime:2.11.2] AndroidManifest.xml:62:13-44
189            android:enabled="false"
189-->[androidx.work:work-runtime:2.11.2] AndroidManifest.xml:63:13-36
190            android:exported="false" >
190-->[androidx.work:work-runtime:2.11.2] AndroidManifest.xml:64:13-37
191            <intent-filter>
191-->[androidx.work:work-runtime:2.11.2] AndroidManifest.xml:66:13-68:29
192                <action android:name="android.intent.action.BOOT_COMPLETED" />
192-->src\main\AndroidManifest.xml:79:17-79
192-->src\main\AndroidManifest.xml:79:25-76
193            </intent-filter>
194        </receiver>
195        <receiver
195-->[androidx.work:work-runtime:2.11.2] AndroidManifest.xml:70:9-80:20
196            android:name="androidx.work.impl.diagnostics.DiagnosticsReceiver"
196-->[androidx.work:work-runtime:2.11.2] AndroidManifest.xml:71:13-78
197            android:directBootAware="false"
197-->[androidx.work:work-runtime:2.11.2] AndroidManifest.xml:72:13-44
198            android:enabled="true"
198-->[androidx.work:work-runtime:2.11.2] AndroidManifest.xml:73:13-35
199            android:exported="true"
199-->[androidx.work:work-runtime:2.11.2] AndroidManifest.xml:74:13-36
200            android:permission="android.permission.DUMP" >
200-->[androidx.work:work-runtime:2.11.2] AndroidManifest.xml:75:13-57
201            <intent-filter>
201-->[androidx.work:work-runtime:2.11.2] AndroidManifest.xml:77:13-79:29
202                <action android:name="androidx.work.diagnostics.REQUEST_DIAGNOSTICS" />
202-->[androidx.work:work-runtime:2.11.2] AndroidManifest.xml:78:17-88
202-->[androidx.work:work-runtime:2.11.2] AndroidManifest.xml:78:25-85
203            </intent-filter>
204        </receiver>
205
206        <service
206-->[androidx.room:room-runtime-android:2.8.4] AndroidManifest.xml:24:9-28:63
207            android:name="androidx.room.MultiInstanceInvalidationService"
207-->[androidx.room:room-runtime-android:2.8.4] AndroidManifest.xml:25:13-74
208            android:directBootAware="true"
208-->[androidx.room:room-runtime-android:2.8.4] AndroidManifest.xml:26:13-43
209            android:exported="false" />
209-->[androidx.room:room-runtime-android:2.8.4] AndroidManifest.xml:27:13-37
210
211        <activity
211-->[androidx.compose.ui:ui-tooling-android:1.9.2] AndroidManifest.xml:23:9-25:39
212            android:name="androidx.compose.ui.tooling.PreviewActivity"
212-->[androidx.compose.ui:ui-tooling-android:1.9.2] AndroidManifest.xml:24:13-71
213            android:exported="true" />
213-->[androidx.compose.ui:ui-tooling-android:1.9.2] AndroidManifest.xml:25:13-36
214        <activity
214-->[androidx.compose.ui:ui-test-manifest:1.9.2] AndroidManifest.xml:23:9-26:79
215            android:name="androidx.activity.ComponentActivity"
215-->[androidx.compose.ui:ui-test-manifest:1.9.2] AndroidManifest.xml:24:13-63
216            android:exported="true"
216-->[androidx.compose.ui:ui-test-manifest:1.9.2] AndroidManifest.xml:25:13-36
217            android:theme="@android:style/Theme.Material.Light.NoActionBar" />
217-->[androidx.compose.ui:ui-test-manifest:1.9.2] AndroidManifest.xml:26:13-76
218
219        <meta-data
219-->[com.google.android.gms:play-services-basement:18.9.0] AndroidManifest.xml:21:9-23:69
220            android:name="com.google.android.gms.version"
220-->[com.google.android.gms:play-services-basement:18.9.0] AndroidManifest.xml:22:13-58
221            android:value="@integer/google_play_services_version" />
221-->[com.google.android.gms:play-services-basement:18.9.0] AndroidManifest.xml:23:13-66
222
223        <receiver
223-->[androidx.profileinstaller:profileinstaller:1.4.0] AndroidManifest.xml:34:9-52:20
224            android:name="androidx.profileinstaller.ProfileInstallReceiver"
224-->[androidx.profileinstaller:profileinstaller:1.4.0] AndroidManifest.xml:35:13-76
225            android:directBootAware="false"
225-->[androidx.profileinstaller:profileinstaller:1.4.0] AndroidManifest.xml:36:13-44
226            android:enabled="true"
226-->[androidx.profileinstaller:profileinstaller:1.4.0] AndroidManifest.xml:37:13-35
227            android:exported="true"
227-->[androidx.profileinstaller:profileinstaller:1.4.0] AndroidManifest.xml:38:13-36
228            android:permission="android.permission.DUMP" >
228-->[androidx.profileinstaller:profileinstaller:1.4.0] AndroidManifest.xml:39:13-57
229            <intent-filter>
229-->[androidx.profileinstaller:profileinstaller:1.4.0] AndroidManifest.xml:40:13-42:29
230                <action android:name="androidx.profileinstaller.action.INSTALL_PROFILE" />
230-->[androidx.profileinstaller:profileinstaller:1.4.0] AndroidManifest.xml:41:17-91
230-->[androidx.profileinstaller:profileinstaller:1.4.0] AndroidManifest.xml:41:25-88
231            </intent-filter>
232            <intent-filter>
232-->[androidx.profileinstaller:profileinstaller:1.4.0] AndroidManifest.xml:43:13-45:29
233                <action android:name="androidx.profileinstaller.action.SKIP_FILE" />
233-->[androidx.profileinstaller:profileinstaller:1.4.0] AndroidManifest.xml:44:17-85
233-->[androidx.profileinstaller:profileinstaller:1.4.0] AndroidManifest.xml:44:25-82
234            </intent-filter>
235            <intent-filter>
235-->[androidx.profileinstaller:profileinstaller:1.4.0] AndroidManifest.xml:46:13-48:29
236                <action android:name="androidx.profileinstaller.action.SAVE_PROFILE" />
236-->[androidx.profileinstaller:profileinstaller:1.4.0] AndroidManifest.xml:47:17-88
236-->[androidx.profileinstaller:profileinstaller:1.4.0] AndroidManifest.xml:47:25-85
237            </intent-filter>
238            <intent-filter>
238-->[androidx.profileinstaller:profileinstaller:1.4.0] AndroidManifest.xml:49:13-51:29
239                <action android:name="androidx.profileinstaller.action.BENCHMARK_OPERATION" />
239-->[androidx.profileinstaller:profileinstaller:1.4.0] AndroidManifest.xml:50:17-95
239-->[androidx.profileinstaller:profileinstaller:1.4.0] AndroidManifest.xml:50:25-92
240            </intent-filter>
241        </receiver>
242        <!--
243             Applications that target Android S+ require explicit declaration of
244             any referenced vendor-provided libraries.
245        -->
246        <uses-native-library
246-->[com.google.mediapipe:tasks-genai:0.10.33] AndroidManifest.xml:15:9-17:40
247            android:name="libOpenCL.so"
247-->[com.google.mediapipe:tasks-genai:0.10.33] AndroidManifest.xml:16:13-40
248            android:required="false" />
248-->[com.google.mediapipe:tasks-genai:0.10.33] AndroidManifest.xml:17:13-37
249        <uses-native-library
249-->[com.google.mediapipe:tasks-genai:0.10.33] AndroidManifest.xml:15:9-17:40
250            android:name="libOpenCL-car.so"
250-->[com.google.mediapipe:tasks-genai:0.10.33] AndroidManifest.xml:16:13-40
251            android:required="false" />
251-->[com.google.mediapipe:tasks-genai:0.10.33] AndroidManifest.xml:17:13-37
252        <uses-native-library
252-->[com.google.mediapipe:tasks-genai:0.10.33] AndroidManifest.xml:15:9-17:40
253            android:name="libOpenCL-pixel.so"
253-->[com.google.mediapipe:tasks-genai:0.10.33] AndroidManifest.xml:16:13-40
254            android:required="false" />
254-->[com.google.mediapipe:tasks-genai:0.10.33] AndroidManifest.xml:17:13-37
255
256        <service
256-->[com.google.android.datatransport:transport-backend-cct:3.1.8] AndroidManifest.xml:28:9-34:19
257            android:name="com.google.android.datatransport.runtime.backends.TransportBackendDiscovery"
257-->[com.google.android.datatransport:transport-backend-cct:3.1.8] AndroidManifest.xml:29:13-103
258            android:exported="false" >
258-->[com.google.android.datatransport:transport-backend-cct:3.1.8] AndroidManifest.xml:30:13-37
259            <meta-data
259-->[com.google.android.datatransport:transport-backend-cct:3.1.8] AndroidManifest.xml:31:13-33:39
260                android:name="backend:com.google.android.datatransport.cct.CctBackendFactory"
260-->[com.google.android.datatransport:transport-backend-cct:3.1.8] AndroidManifest.xml:32:17-94
261                android:value="cct" />
261-->[com.google.android.datatransport:transport-backend-cct:3.1.8] AndroidManifest.xml:33:17-36
262        </service>
263        <service
263-->[com.google.android.datatransport:transport-runtime:3.1.8] AndroidManifest.xml:26:9-30:19
264            android:name="com.google.android.datatransport.runtime.scheduling.jobscheduling.JobInfoSchedulerService"
264-->[com.google.android.datatransport:transport-runtime:3.1.8] AndroidManifest.xml:27:13-117
265            android:exported="false"
265-->[com.google.android.datatransport:transport-runtime:3.1.8] AndroidManifest.xml:28:13-37
266            android:permission="android.permission.BIND_JOB_SERVICE" >
266-->[com.google.android.datatransport:transport-runtime:3.1.8] AndroidManifest.xml:29:13-69
267        </service>
268
269        <receiver
269-->[com.google.android.datatransport:transport-runtime:3.1.8] AndroidManifest.xml:32:9-34:40
270            android:name="com.google.android.datatransport.runtime.scheduling.jobscheduling.AlarmManagerSchedulerBroadcastReceiver"
270-->[com.google.android.datatransport:transport-runtime:3.1.8] AndroidManifest.xml:33:13-132
271            android:exported="false" />
271-->[com.google.android.datatransport:transport-runtime:3.1.8] AndroidManifest.xml:34:13-37
272    </application>
273
274</manifest>